2016-07-20 16:07:46.110 [localhost-startStop-1] ERROR org.hibernate.tool.hbm2ddl.SchemaExport - HHH000389: Unsuccessful: alter table lucky_events_relation drop constraint FK_41770t73ubt7haw2deyk5hw0v
2016-07-20 16:07:46.110 [localhost-startStop-1] ERROR org.hibernate.tool.hbm2ddl.SchemaExport - user lacks privilege or object not found: PUBLIC.LUCKY_EVENTS_RELATION
2016-07-20 16:07:46.110 [localhost-startStop-1] ERROR org.hibernate.tool.hbm2ddl.SchemaExport - HHH000389: Unsuccessful: alter table lucky_events_relation drop constraint FK_ot1vio7dyicoseto9atok78d2
2016-07-20 16:07:46.110 [localhost-startStop-1] ERROR org.hibernate.tool.hbm2ddl.SchemaExport - user lacks privilege or object not found: PUBLIC.LUCKY_EVENTS_RELATION
2016-07-20 16:07:46.112 [localhost-startStop-1] ERROR org.hibernate.tool.hbm2ddl.SchemaExport - HHH000389: Unsuccessful: alter table seat drop constraint FK_3m6uw1gc1utspvfwy9vju6y8v
2016-07-20 16:07:46.112 [localhost-startStop-1] ERROR org.hibernate.tool.hbm2ddl.SchemaExport - user lacks privilege or object not found: PUBLIC.SEAT
2016-07-20 16:07:46.112 [localhost-startStop-1] ERROR org.hibernate.tool.hbm2ddl.SchemaExport - HHH000389: Unsuccessful: alter table show_event drop constraint FK_ckk0folcjdpfgcsvsadavjc4c
2016-07-20 16:07:46.112 [localhost-startStop-1] ERROR org.hibernate.tool.hbm2ddl.SchemaExport - user lacks privilege or object not found: PUBLIC.SHOW_EVENT
2016-07-20 16:07:46.112 [localhost-startStop-1] ERROR org.hibernate.tool.hbm2ddl.SchemaExport - HHH000389: Unsuccessful: alter table show_event drop constraint FK_4h15orghkfqjj7dv01h4trn0s
2016-07-20 16:07:46.112 [localhost-startStop-1] ERROR org.hibernate.tool.hbm2ddl.SchemaExport - user lacks privilege or object not found: PUBLIC.SHOW_EVENT
2016-07-20 16:07:46.112 [localhost-startStop-1] ERROR org.hibernate.tool.hbm2ddl.SchemaExport - HHH000389: Unsuccessful: alter table ticket drop constraint FK_ptonwhml2mlrpgu22u2wqnlua
2016-07-20 16:07:46.112 [localhost-startStop-1] ERROR org.hibernate.tool.hbm2ddl.SchemaExport - user lacks privilege or object not found: PUBLIC.TICKET
2016-07-20 16:07:46.112 [localhost-startStop-1] ERROR org.hibernate.tool.hbm2ddl.SchemaExport - HHH000389: Unsuccessful: alter table ticket drop constraint FK_aavsg5e0fbfgppmmhtmpf1yby
2016-07-20 16:07:46.112 [localhost-startStop-1] ERROR org.hibernate.tool.hbm2ddl.SchemaExport - user lacks privilege or object not found: PUBLIC.TICKET
2016-07-20 16:07:46.112 [localhost-startStop-1] ERROR org.hibernate.tool.hbm2ddl.SchemaExport - HHH000389: Unsuccessful: alter table user drop constraint FK_jt1dpvnr6v3e24lhi4newaul5
2016-07-20 16:07:46.112 [localhost-startStop-1] ERROR org.hibernate.tool.hbm2ddl.SchemaExport - user lacks privilege or object not found: PUBLIC.USER
2016-07-20 16:07:46.112 [localhost-startStop-1] ERROR org.hibernate.tool.hbm2ddl.SchemaExport - HHH000389: Unsuccessful: alter table user_statistic drop constraint FK_8hln9l7c5wldjr0m7rbgojlcg
2016-07-20 16:07:46.112 [localhost-startStop-1] ERROR org.hibernate.tool.hbm2ddl.SchemaExport - user lacks privilege or object not found: PUBLIC.USER_STATISTIC
2016-07-20 16:07:46.114 [localhost-startStop-1] ERROR org.hibernate.tool.hbm2ddl.SchemaExport - HHH000389: Unsuccessful: alter table user_ticket drop constraint FK_p8ou350fvxsl3ui04gnx4160q
2016-07-20 16:07:46.114 [localhost-startStop-1] ERROR org.hibernate.tool.hbm2ddl.SchemaExport - user lacks privilege or object not found: PUBLIC.USER_TICKET
2016-07-20 16:07:46.114 [localhost-startStop-1] ERROR org.hibernate.tool.hbm2ddl.SchemaExport - HHH000389: Unsuccessful: alter table user_ticket drop constraint FK_788v96806khtpy4chmdxyeq6d
2016-07-20 16:07:46.114 [localhost-startStop-1] ERROR org.hibernate.tool.hbm2ddl.SchemaExport - user lacks privilege or object not found: PUBLIC.USER_TICKET
2016-12-20 16:12:37.638 [localhost-startStop-1] ERROR org.hibernate.tool.hbm2ddl.SchemaExport - HHH000389: Unsuccessful: alter table lucky_events_relation drop constraint FK_41770t73ubt7haw2deyk5hw0v
2016-12-20 16:12:37.638 [localhost-startStop-1] ERROR org.hibernate.tool.hbm2ddl.SchemaExport - user lacks privilege or object not found: PUBLIC.LUCKY_EVENTS_RELATION
2016-12-20 16:12:37.638 [localhost-startStop-1] ERROR org.hibernate.tool.hbm2ddl.SchemaExport - HHH000389: Unsuccessful: alter table lucky_events_relation drop constraint FK_ot1vio7dyicoseto9atok78d2
2016-12-20 16:12:37.638 [localhost-startStop-1] ERROR org.hibernate.tool.hbm2ddl.SchemaExport - user lacks privilege or object not found: PUBLIC.LUCKY_EVENTS_RELATION
2016-12-20 16:12:37.638 [localhost-startStop-1] ERROR org.hibernate.tool.hbm2ddl.SchemaExport - HHH000389: Unsuccessful: alter table seat drop constraint FK_3m6uw1gc1utspvfwy9vju6y8v
2016-12-20 16:12:37.638 [localhost-startStop-1] ERROR org.hibernate.tool.hbm2ddl.SchemaExport - user lacks privilege or object not found: PUBLIC.SEAT
2016-12-20 16:12:37.638 [localhost-startStop-1] ERROR org.hibernate.tool.hbm2ddl.SchemaExport - HHH000389: Unsuccessful: alter table show_event drop constraint FK_ckk0folcjdpfgcsvsadavjc4c
2016-12-20 16:12:37.638 [localhost-startStop-1] ERROR org.hibernate.tool.hbm2ddl.SchemaExport - user lacks privilege or object not found: PUBLIC.SHOW_EVENT
2016-12-20 16:12:37.638 [localhost-startStop-1] ERROR org.hibernate.tool.hbm2ddl.SchemaExport - HHH000389: Unsuccessful: alter table show_event drop constraint FK_4h15orghkfqjj7dv01h4trn0s
2016-12-20 16:12:37.638 [localhost-startStop-1] ERROR org.hibernate.tool.hbm2ddl.SchemaExport - user lacks privilege or object not found: PUBLIC.SHOW_EVENT
2016-12-20 16:12:37.638 [localhost-startStop-1] ERROR org.hibernate.tool.hbm2ddl.SchemaExport - HHH000389: Unsuccessful: alter table ticket drop constraint FK_ptonwhml2mlrpgu22u2wqnlua
2016-12-20 16:12:37.638 [localhost-startStop-1] ERROR org.hibernate.tool.hbm2ddl.SchemaExport - user lacks privilege or object not found: PUBLIC.TICKET
2016-12-20 16:12:37.638 [localhost-startStop-1] ERROR org.hibernate.tool.hbm2ddl.SchemaExport - HHH000389: Unsuccessful: alter table ticket drop constraint FK_aavsg5e0fbfgppmmhtmpf1yby
2016-12-20 16:12:37.638 [localhost-startStop-1] ERROR org.hibernate.tool.hbm2ddl.SchemaExport - user lacks privilege or object not found: PUBLIC.TICKET
2016-12-20 16:12:37.638 [localhost-startStop-1] ERROR org.hibernate.tool.hbm2ddl.SchemaExport - HHH000389: Unsuccessful: alter table user drop constraint FK_jt1dpvnr6v3e24lhi4newaul5
2016-12-20 16:12:37.638 [localhost-startStop-1] ERROR org.hibernate.tool.hbm2ddl.SchemaExport - user lacks privilege or object not found: PUBLIC.USER
2016-12-20 16:12:37.638 [localhost-startStop-1] ERROR org.hibernate.tool.hbm2ddl.SchemaExport - HHH000389: Unsuccessful: alter table user_statistic drop constraint FK_8hln9l7c5wldjr0m7rbgojlcg
2016-12-20 16:12:37.640 [localhost-startStop-1] ERROR org.hibernate.tool.hbm2ddl.SchemaExport - user lacks privilege or object not found: PUBLIC.USER_STATISTIC
2016-12-20 16:12:37.640 [localhost-startStop-1] ERROR org.hibernate.tool.hbm2ddl.SchemaExport - HHH000389: Unsuccessful: alter table user_ticket drop constraint FK_p8ou350fvxsl3ui04gnx4160q
2016-12-20 16:12:37.640 [localhost-startStop-1] ERROR org.hibernate.tool.hbm2ddl.SchemaExport - user lacks privilege or object not found: PUBLIC.USER_TICKET
2016-12-20 16:12:37.640 [localhost-startStop-1] ERROR org.hibernate.tool.hbm2ddl.SchemaExport - HHH000389: Unsuccessful: alter table user_ticket drop constraint FK_788v96806khtpy4chmdxyeq6d
2016-12-20 16:12:37.640 [localhost-startStop-1] ERROR org.hibernate.tool.hbm2ddl.SchemaExport - user lacks privilege or object not found: PUBLIC.USER_TICKET
2016-14-20 16:14:01.894 [localhost-startStop-1] ERROR org.hibernate.tool.hbm2ddl.SchemaExport - HHH000389: Unsuccessful: alter table lucky_events_relation drop constraint FK_41770t73ubt7haw2deyk5hw0v
2016-14-20 16:14:01.894 [localhost-startStop-1] ERROR org.hibernate.tool.hbm2ddl.SchemaExport - user lacks privilege or object not found: PUBLIC.LUCKY_EVENTS_RELATION
2016-14-20 16:14:01.894 [localhost-startStop-1] ERROR org.hibernate.tool.hbm2ddl.SchemaExport - HHH000389: Unsuccessful: alter table lucky_events_relation drop constraint FK_ot1vio7dyicoseto9atok78d2
2016-14-20 16:14:01.894 [localhost-startStop-1] ERROR org.hibernate.tool.hbm2ddl.SchemaExport - user lacks privilege or object not found: PUBLIC.LUCKY_EVENTS_RELATION
2016-14-20 16:14:01.895 [localhost-startStop-1] ERROR org.hibernate.tool.hbm2ddl.SchemaExport - HHH000389: Unsuccessful: alter table seat drop constraint FK_3m6uw1gc1utspvfwy9vju6y8v
2016-14-20 16:14:01.895 [localhost-startStop-1] ERROR org.hibernate.tool.hbm2ddl.SchemaExport - user lacks privilege or object not found: PUBLIC.SEAT
2016-14-20 16:14:01.895 [localhost-startStop-1] ERROR org.hibernate.tool.hbm2ddl.SchemaExport - HHH000389: Unsuccessful: alter table show_event drop constraint FK_ckk0folcjdpfgcsvsadavjc4c
2016-14-20 16:14:01.895 [localhost-startStop-1] ERROR org.hibernate.tool.hbm2ddl.SchemaExport - user lacks privilege or object not found: PUBLIC.SHOW_EVENT
2016-14-20 16:14:01.895 [localhost-startStop-1] ERROR org.hibernate.tool.hbm2ddl.SchemaExport - HHH000389: Unsuccessful: alter table show_event drop constraint FK_4h15orghkfqjj7dv01h4trn0s
2016-14-20 16:14:01.895 [localhost-startStop-1] ERROR org.hibernate.tool.hbm2ddl.SchemaExport - user lacks privilege or object not found: PUBLIC.SHOW_EVENT
2016-14-20 16:14:01.895 [localhost-startStop-1] ERROR org.hibernate.tool.hbm2ddl.SchemaExport - HHH000389: Unsuccessful: alter table ticket drop constraint FK_ptonwhml2mlrpgu22u2wqnlua
2016-14-20 16:14:01.895 [localhost-startStop-1] ERROR org.hibernate.tool.hbm2ddl.SchemaExport - user lacks privilege or object not found: PUBLIC.TICKET
2016-14-20 16:14:01.895 [localhost-startStop-1] ERROR org.hibernate.tool.hbm2ddl.SchemaExport - HHH000389: Unsuccessful: alter table ticket drop constraint FK_aavsg5e0fbfgppmmhtmpf1yby
2016-14-20 16:14:01.895 [localhost-startStop-1] ERROR org.hibernate.tool.hbm2ddl.SchemaExport - user lacks privilege or object not found: PUBLIC.TICKET
2016-14-20 16:14:01.895 [localhost-startStop-1] ERROR org.hibernate.tool.hbm2ddl.SchemaExport - HHH000389: Unsuccessful: alter table user drop constraint FK_jt1dpvnr6v3e24lhi4newaul5
2016-14-20 16:14:01.895 [localhost-startStop-1] ERROR org.hibernate.tool.hbm2ddl.SchemaExport - user lacks privilege or object not found: PUBLIC.USER
2016-14-20 16:14:01.895 [localhost-startStop-1] ERROR org.hibernate.tool.hbm2ddl.SchemaExport - HHH000389: Unsuccessful: alter table user_statistic drop constraint FK_8hln9l7c5wldjr0m7rbgojlcg
2016-14-20 16:14:01.896 [localhost-startStop-1] ERROR org.hibernate.tool.hbm2ddl.SchemaExport - user lacks privilege or object not found: PUBLIC.USER_STATISTIC
2016-14-20 16:14:01.896 [localhost-startStop-1] ERROR org.hibernate.tool.hbm2ddl.SchemaExport - HHH000389: Unsuccessful: alter table user_ticket drop constraint FK_p8ou350fvxsl3ui04gnx4160q
2016-14-20 16:14:01.896 [localhost-startStop-1] ERROR org.hibernate.tool.hbm2ddl.SchemaExport - user lacks privilege or object not found: PUBLIC.USER_TICKET
2016-14-20 16:14:01.896 [localhost-startStop-1] ERROR org.hibernate.tool.hbm2ddl.SchemaExport - HHH000389: Unsuccessful: alter table user_ticket drop constraint FK_788v96806khtpy4chmdxyeq6d
2016-14-20 16:14:01.896 [localhost-startStop-1] ERROR org.hibernate.tool.hbm2ddl.SchemaExport - user lacks privilege or object not found: PUBLIC.USER_TICKET
